[2024-06-04 17:38:12,328][flwr][INFO] - Starting Flower simulation, config: num_rounds=1, no round_timeout
[2024-06-04 17:38:18,489][flwr][INFO] - Flower VCE: Ray initialized with resources: {'accelerator_type:G': 1.0, 'node:127.0.0.1': 1.0, 'object_store_memory': 1583839641.0, 'memory': 3167679284.0, 'node:__internal_head__': 1.0, 'CPU': 4.0, 'GPU': 1.0}
[2024-06-04 17:38:18,489][flwr][INFO] - Optimize your simulation with Flower VCE: https://flower.ai/docs/framework/how-to-run-simulations.html
[2024-06-04 17:38:18,489][flwr][INFO] - Flower VCE: Resources for each Virtual Client: {'num_cpus': 2.0, 'num_gpus': 0.5}
[2024-06-04 17:38:18,504][flwr][INFO] - Flower VCE: Creating VirtualClientEngineActorPool with 2 actors
[2024-06-04 17:38:18,519][flwr][INFO] - [INIT]
[2024-06-04 17:38:18,520][flwr][INFO] - Requesting initial parameters from one random client
[2024-06-04 17:38:24,598][flwr][INFO] - Received initial parameters from one random client
[2024-06-04 17:38:24,599][flwr][INFO] - Evaluating initial global parameters
[2024-06-04 17:38:28,134][flwr][INFO] - initial parameters (loss, other metrics): 182.40861201286316, {'accuracy': 0.1115}
[2024-06-04 17:38:28,134][flwr][INFO] - 
[2024-06-04 17:38:28,134][flwr][INFO] - [ROUND 1]
[2024-06-04 17:38:28,134][flwr][INFO] - configure_fit: strategy sampled 10 clients (out of 100)
[2024-06-04 17:39:27,393][flwr][INFO] - aggregate_fit: received 10 results and 0 failures
[2024-06-04 17:39:27,442][flwr][WARNING] - No fit_metrics_aggregation_fn provided
[2024-06-04 17:39:30,101][flwr][INFO] - fit progress: (1, 176.52549839019775, {'accuracy': 0.4187}, 61.960885899999994)
[2024-06-04 17:39:30,101][flwr][INFO] - configure_evaluate: strategy sampled 10 clients (out of 100)
[2024-06-04 17:40:23,396][flwr][INFO] - aggregate_evaluate: received 10 results and 0 failures
[2024-06-04 17:40:23,396][flwr][WARNING] - No evaluate_metrics_aggregation_fn provided
[2024-06-04 17:40:23,396][flwr][INFO] - 
[2024-06-04 17:40:23,396][flwr][INFO] - [SUMMARY]
[2024-06-04 17:40:23,396][flwr][INFO] - Run finished 1 rounds in 115.26s
[2024-06-04 17:40:23,396][flwr][INFO] - History (loss, distributed):
[2024-06-04 17:40:23,396][flwr][INFO] - 	'\tround 1: 6.6812074184417725\n'History (loss, centralized):
[2024-06-04 17:40:23,409][flwr][INFO] - 	'\tround 0: 182.40861201286316\n\tround 1: 176.52549839019775\n'History (metrics, centralized):
[2024-06-04 17:40:23,410][flwr][INFO] - 	{'accuracy': [(0, 0.1115), (1, 0.4187)]}
[2024-06-04 17:40:23,418][flwr][INFO] - 
