[2024-06-03 17:58:47,949][flwr][INFO] - Starting Flower simulation, config: num_rounds=4, no round_timeout
[2024-06-03 17:58:54,821][flwr][INFO] - Flower VCE: Ray initialized with resources: {'CPU': 4.0, 'GPU': 1.0, 'node:127.0.0.1': 1.0, 'object_store_memory': 1787085619.0, 'memory': 3574171239.0, 'node:__internal_head__': 1.0, 'accelerator_type:G': 1.0}
[2024-06-03 17:58:54,823][flwr][INFO] - Optimize your simulation with Flower VCE: https://flower.ai/docs/framework/how-to-run-simulations.html
[2024-06-03 17:58:54,823][flwr][INFO] - Flower VCE: Resources for each Virtual Client: {'num_cpus': 2, 'num_gpus': 0.5}
[2024-06-03 17:58:54,856][flwr][INFO] - Flower VCE: Creating VirtualClientEngineActorPool with 2 actors
[2024-06-03 17:58:54,859][flwr][INFO] - [INIT]
[2024-06-03 17:58:54,860][flwr][INFO] - Requesting initial parameters from one random client
[2024-06-03 17:59:02,636][flwr][INFO] - Received initial parameters from one random client
[2024-06-03 17:59:02,637][flwr][INFO] - Evaluating initial global parameters
[2024-06-03 17:59:06,802][flwr][INFO] - initial parameters (loss, other metrics): 182.41948890686035, {'accuracy': 0.0994}
[2024-06-03 17:59:06,803][flwr][INFO] - 
[2024-06-03 17:59:06,803][flwr][INFO] - [ROUND 1]
[2024-06-03 17:59:06,804][flwr][INFO] - configure_fit: strategy sampled 10 clients (out of 100)
[2024-06-03 18:00:13,959][flwr][INFO] - aggregate_fit: received 10 results and 0 failures
[2024-06-03 18:00:14,021][flwr][WARNING] - No fit_metrics_aggregation_fn provided
[2024-06-03 18:00:17,737][flwr][INFO] - fit progress: (1, 178.6643693447113, {'accuracy': 0.2258}, 70.931849)
[2024-06-03 18:00:17,738][flwr][INFO] - configure_evaluate: no clients selected, skipping evaluation
[2024-06-03 18:00:17,738][flwr][INFO] - 
[2024-06-03 18:00:17,739][flwr][INFO] - [ROUND 2]
[2024-06-03 18:00:17,739][flwr][INFO] - configure_fit: strategy sampled 10 clients (out of 100)
[2024-06-03 18:01:24,802][flwr][INFO] - aggregate_fit: received 10 results and 0 failures
[2024-06-03 18:01:27,830][flwr][INFO] - fit progress: (2, 158.82313549518585, {'accuracy': 0.4867}, 141.02276)
[2024-06-03 18:01:27,831][flwr][INFO] - configure_evaluate: no clients selected, skipping evaluation
[2024-06-03 18:01:27,831][flwr][INFO] - 
[2024-06-03 18:01:27,832][flwr][INFO] - [ROUND 3]
[2024-06-03 18:01:27,832][flwr][INFO] - configure_fit: strategy sampled 10 clients (out of 100)
[2024-06-03 18:02:48,070][flwr][INFO] - aggregate_fit: received 10 results and 0 failures
[2024-06-03 18:02:51,002][flwr][INFO] - fit progress: (3, 61.40751299262047, {'accuracy': 0.778}, 224.1908003)
[2024-06-03 18:02:51,002][flwr][INFO] - configure_evaluate: no clients selected, skipping evaluation
[2024-06-03 18:02:51,003][flwr][INFO] - 
[2024-06-03 18:02:51,004][flwr][INFO] - [ROUND 4]
[2024-06-03 18:02:51,005][flwr][INFO] - configure_fit: strategy sampled 10 clients (out of 100)
[2024-06-03 18:03:55,378][flwr][INFO] - aggregate_fit: received 10 results and 0 failures
[2024-06-03 18:03:58,173][flwr][INFO] - fit progress: (4, 50.359408885240555, {'accuracy': 0.8057}, 291.36000310000003)
[2024-06-03 18:03:58,174][flwr][INFO] - configure_evaluate: no clients selected, skipping evaluation
[2024-06-03 18:03:58,175][flwr][INFO] - 
[2024-06-03 18:03:58,175][flwr][INFO] - [SUMMARY]
[2024-06-03 18:03:58,176][flwr][INFO] - Run finished 4 rounds in 291.36s
[2024-06-03 18:03:58,177][flwr][INFO] - History (loss, centralized):
[2024-06-03 18:03:58,177][flwr][INFO] - 	('\tround 0: 182.41948890686035\n'
[2024-06-03 18:03:58,178][flwr][INFO] - 	 '\tround 1: 178.6643693447113\n'
[2024-06-03 18:03:58,182][flwr][INFO] - 	 '\tround 2: 158.82313549518585\n'
[2024-06-03 18:03:58,185][flwr][INFO] - 	 '\tround 3: 61.40751299262047\n'
[2024-06-03 18:03:58,187][flwr][INFO] - 	 '\tround 4: 50.359408885240555\n')History (metrics, centralized):
[2024-06-03 18:03:58,189][flwr][INFO] - 	{'accuracy': [(0, 0.0994), (1, 0.2258), (2, 0.4867), (3, 0.778), (4, 0.8057)]}
[2024-06-03 18:03:58,190][flwr][INFO] - 
