[2024-06-04 17:34:47,378][flwr][INFO] - Starting Flower simulation, config: num_rounds=1, no round_timeout
[2024-06-04 17:34:54,674][flwr][INFO] - Flower VCE: Ray initialized with resources: {'CPU': 4.0, 'node:__internal_head__': 1.0, 'GPU': 1.0, 'memory': 2986642638.0, 'node:127.0.0.1': 1.0, 'object_store_memory': 1493321318.0, 'accelerator_type:G': 1.0}
[2024-06-04 17:34:54,674][flwr][INFO] - Optimize your simulation with Flower VCE: https://flower.ai/docs/framework/how-to-run-simulations.html
[2024-06-04 17:34:54,674][flwr][INFO] - Flower VCE: Resources for each Virtual Client: {'num_cpus': 3.0, 'num_gpus': 0.5}
[2024-06-04 17:34:54,718][flwr][INFO] - Flower VCE: Creating VirtualClientEngineActorPool with 1 actors
[2024-06-04 17:34:54,720][flwr][INFO] - [INIT]
[2024-06-04 17:34:54,721][flwr][INFO] - Requesting initial parameters from one random client
[2024-06-04 17:35:01,471][flwr][INFO] - Received initial parameters from one random client
[2024-06-04 17:35:01,471][flwr][INFO] - Evaluating initial global parameters
[2024-06-04 17:35:04,555][flwr][INFO] - initial parameters (loss, other metrics): 181.99428963661194, {'accuracy': 0.1007}
[2024-06-04 17:35:04,555][flwr][INFO] - 
[2024-06-04 17:35:04,555][flwr][INFO] - [ROUND 1]
[2024-06-04 17:35:04,555][flwr][INFO] - configure_fit: strategy sampled 10 clients (out of 100)
[2024-06-04 17:36:30,639][flwr][INFO] - aggregate_fit: received 10 results and 0 failures
[2024-06-04 17:36:30,677][flwr][WARNING] - No fit_metrics_aggregation_fn provided
[2024-06-04 17:36:33,688][flwr][INFO] - fit progress: (1, 179.6620569229126, {'accuracy': 0.218}, 89.1291224)
[2024-06-04 17:36:33,688][flwr][INFO] - configure_evaluate: strategy sampled 10 clients (out of 100)
[2024-06-04 17:37:58,667][flwr][INFO] - aggregate_evaluate: received 10 results and 0 failures
[2024-06-04 17:37:58,667][flwr][WARNING] - No evaluate_metrics_aggregation_fn provided
[2024-06-04 17:37:58,667][flwr][INFO] - 
[2024-06-04 17:37:58,667][flwr][INFO] - [SUMMARY]
[2024-06-04 17:37:58,667][flwr][INFO] - Run finished 1 rounds in 174.11s
[2024-06-04 17:37:58,667][flwr][INFO] - History (loss, distributed):
[2024-06-04 17:37:58,667][flwr][INFO] - 	'\tround 1: 6.821241044998169\n'History (loss, centralized):
[2024-06-04 17:37:58,667][flwr][INFO] - 	'\tround 0: 181.99428963661194\n\tround 1: 179.6620569229126\n'History (metrics, centralized):
[2024-06-04 17:37:58,667][flwr][INFO] - 	{'accuracy': [(0, 0.1007), (1, 0.218)]}
[2024-06-04 17:37:58,667][flwr][INFO] - 
