[2024-06-03 13:37:35,192][flwr][INFO] - Starting Flower simulation, config: num_rounds=5, no round_timeout
[2024-06-03 13:37:44,268][flwr][INFO] - Flower VCE: Ray initialized with resources: {'GPU': 1.0, 'node:127.0.0.1': 1.0, 'memory': 1993320039.0, 'object_store_memory': 996660019.0, 'CPU': 4.0, 'accelerator_type:G': 1.0, 'node:__internal_head__': 1.0}
[2024-06-03 13:37:44,269][flwr][INFO] - Optimize your simulation with Flower VCE: https://flower.ai/docs/framework/how-to-run-simulations.html
[2024-06-03 13:37:44,270][flwr][INFO] - No `client_resources` specified. Using minimal resources for clients.
[2024-06-03 13:37:44,271][flwr][INFO] - Flower VCE: Resources for each Virtual Client: {'num_cpus': 1, 'num_gpus': 0.0}
[2024-06-03 13:37:44,305][flwr][INFO] - Flower VCE: Creating VirtualClientEngineActorPool with 4 actors
[2024-06-03 13:37:44,307][flwr][INFO] - [INIT]
[2024-06-03 13:37:44,308][flwr][INFO] - Requesting initial parameters from one random client
[2024-06-03 13:37:54,185][flwr][INFO] - Received initial parameters from one random client
[2024-06-03 13:37:54,186][flwr][INFO] - Evaluating initial global parameters
[2024-06-03 13:37:58,785][flwr][INFO] - initial parameters (loss, other metrics): 181.94676518440247, {'accuracy': 0.1135}
[2024-06-03 13:37:58,786][flwr][INFO] - 
[2024-06-03 13:37:58,786][flwr][INFO] - [ROUND 1]
[2024-06-03 13:37:58,787][flwr][INFO] - configure_fit: strategy sampled 10 clients (out of 100)
[2024-06-03 13:39:17,731][flwr][INFO] - aggregate_fit: received 10 results and 0 failures
[2024-06-03 13:39:17,822][flwr][WARNING] - No fit_metrics_aggregation_fn provided
[2024-06-03 13:39:22,336][flwr][INFO] - fit progress: (1, 180.22091221809387, {'accuracy': 0.2376}, 83.5499241)
[2024-06-03 13:39:22,337][flwr][INFO] - configure_evaluate: no clients selected, skipping evaluation
[2024-06-03 13:39:22,337][flwr][INFO] - 
[2024-06-03 13:39:22,338][flwr][INFO] - [ROUND 2]
[2024-06-03 13:39:22,339][flwr][INFO] - configure_fit: strategy sampled 10 clients (out of 100)
[2024-06-03 13:40:28,766][flwr][INFO] - aggregate_fit: received 10 results and 0 failures
[2024-06-03 13:40:33,300][flwr][INFO] - fit progress: (2, 174.1314342021942, {'accuracy': 0.4632}, 154.5129877)
[2024-06-03 13:40:33,301][flwr][INFO] - configure_evaluate: no clients selected, skipping evaluation
[2024-06-03 13:40:33,302][flwr][INFO] - 
[2024-06-03 13:40:33,303][flwr][INFO] - [ROUND 3]
[2024-06-03 13:40:33,304][flwr][INFO] - configure_fit: strategy sampled 10 clients (out of 100)
[2024-06-03 13:41:30,507][flwr][INFO] - aggregate_fit: received 10 results and 0 failures
[2024-06-03 13:41:33,961][flwr][INFO] - fit progress: (3, 114.96195876598358, {'accuracy': 0.6437}, 215.1743456)
[2024-06-03 13:41:33,962][flwr][INFO] - configure_evaluate: no clients selected, skipping evaluation
[2024-06-03 13:41:33,963][flwr][INFO] - 
[2024-06-03 13:41:33,963][flwr][INFO] - [ROUND 4]
[2024-06-03 13:41:33,964][flwr][INFO] - configure_fit: strategy sampled 10 clients (out of 100)
[2024-06-03 13:42:27,326][flwr][INFO] - aggregate_fit: received 10 results and 0 failures
[2024-06-03 13:42:30,381][flwr][INFO] - fit progress: (4, 54.19030514359474, {'accuracy': 0.7849}, 271.5946268)
[2024-06-03 13:42:30,382][flwr][INFO] - configure_evaluate: no clients selected, skipping evaluation
[2024-06-03 13:42:30,383][flwr][INFO] - 
[2024-06-03 13:42:30,383][flwr][INFO] - [ROUND 5]
[2024-06-03 13:42:30,385][flwr][INFO] - configure_fit: strategy sampled 10 clients (out of 100)
[2024-06-03 13:43:23,418][flwr][INFO] - aggregate_fit: received 10 results and 0 failures
[2024-06-03 13:43:26,665][flwr][INFO] - fit progress: (5, 33.51365125179291, {'accuracy': 0.8835}, 327.87923049999995)
[2024-06-03 13:43:26,666][flwr][INFO] - configure_evaluate: no clients selected, skipping evaluation
[2024-06-03 13:43:26,668][flwr][INFO] - 
[2024-06-03 13:43:26,669][flwr][INFO] - [SUMMARY]
[2024-06-03 13:43:26,669][flwr][INFO] - Run finished 5 rounds in 327.88s
[2024-06-03 13:43:26,670][flwr][INFO] - History (loss, centralized):
[2024-06-03 13:43:26,671][flwr][INFO] - 	('\tround 0: 181.94676518440247\n'
[2024-06-03 13:43:26,673][flwr][INFO] - 	 '\tround 1: 180.22091221809387\n'
[2024-06-03 13:43:26,674][flwr][INFO] - 	 '\tround 2: 174.1314342021942\n'
[2024-06-03 13:43:26,675][flwr][INFO] - 	 '\tround 3: 114.96195876598358\n'
[2024-06-03 13:43:26,676][flwr][INFO] - 	 '\tround 4: 54.19030514359474\n'
[2024-06-03 13:43:26,678][flwr][INFO] - 	 '\tround 5: 33.51365125179291\n')History (metrics, centralized):
[2024-06-03 13:43:26,678][flwr][INFO] - 	{'accuracy': [(0, 0.1135),
[2024-06-03 13:43:26,679][flwr][INFO] - 	              (1, 0.2376),
[2024-06-03 13:43:26,683][flwr][INFO] - 	              (2, 0.4632),
[2024-06-03 13:43:26,685][flwr][INFO] - 	              (3, 0.6437),
[2024-06-03 13:43:26,688][flwr][INFO] - 	              (4, 0.7849),
[2024-06-03 13:43:26,689][flwr][INFO] - 	              (5, 0.8835)]}
[2024-06-03 13:43:26,690][flwr][INFO] - 
